<?xml version="1.0" encoding="UTF-8"?>
<testng-results ignored="0" total="1" passed="1" failed="0" skipped="0">
  <reporter-output>
  </reporter-output>
  <suite started-at="2023-01-07T11:42:44 IST" name="Suite" finished-at="2023-01-07T11:43:20 IST" duration-ms="36021">
    <groups>
    </groups>
    <test started-at="2023-01-07T11:42:44 IST" name="Test" finished-at="2023-01-07T11:43:20 IST" duration-ms="36021">
      <class name="com.TestScripts.HybridFramework.AddToCartTest">
        <test-method is-config="true" signature="configBT()[pri:0, instance:com.TestScripts.HybridFramework.AddToCartTest@6bd61f98]" started-at="2023-01-07T11:42:44 IST" name="configBT" finished-at="2023-01-07T11:43:06 IST" duration-ms="22326" status="PASS">
          <reporter-output>
          </reporter-output>
        </test-method> <!-- configBT -->
        <test-method is-config="true" signature="configBM()[pri:0, instance:com.TestScripts.HybridFramework.AddToCartTest@6bd61f98]" started-at="2023-01-07T11:43:06 IST" name="configBM" finished-at="2023-01-07T11:43:12 IST" duration-ms="6289" status="PASS">
          <reporter-output>
          </reporter-output>
        </test-method> <!-- configBM -->
        <test-method signature="addToCartTest()[pri:0, instance:com.TestScripts.HybridFramework.AddToCartTest@6bd61f98]" started-at="2023-01-07T11:43:12 IST" name="addToCartTest" finished-at="2023-01-07T11:43:17 IST" duration-ms="4413" status="PASS">
          <reporter-output>
          </reporter-output>
        </test-method> <!-- addToCartTest -->
        <test-method is-config="true" signature="configAM()[pri:0, instance:com.TestScripts.HybridFramework.AddToCartTest@6bd61f98]" started-at="2023-01-07T11:43:17 IST" name="configAM" finished-at="2023-01-07T11:43:19 IST" duration-ms="1813" status="PASS">
          <reporter-output>
          </reporter-output>
        </test-method> <!-- configAM -->
        <test-method is-config="true" signature="configAT()[pri:0, instance:com.TestScripts.HybridFramework.AddToCartTest@6bd61f98]" started-at="2023-01-07T11:43:19 IST" name="configAT" finished-at="2023-01-07T11:43:20 IST" duration-ms="1115" status="PASS">
          <reporter-output>
          </reporter-output>
        </test-method> <!-- configAT -->
      </class> <!-- com.TestScripts.HybridFramework.AddToCartTest -->
    </test> <!-- Test -->
  </suite> <!-- Suite -->
</testng-results>
