<?xml version="1.0" encoding="UTF-8"?>
<testng-results ignored="0" total="1" passed="1" failed="0" skipped="0">
  <reporter-output>
  </reporter-output>
  <suite started-at="2023-01-08T13:04:25 IST" name="Suite" finished-at="2023-01-08T13:05:22 IST" duration-ms="56520">
    <groups>
    </groups>
    <test started-at="2023-01-08T13:04:25 IST" name="Test" finished-at="2023-01-08T13:05:22 IST" duration-ms="56520">
      <class name="com.TestScripts.HybridFramework.AddToCartTest">
        <test-method is-config="true" signature="configBT()[pri:0, instance:com.TestScripts.HybridFramework.AddToCartTest@6bd61f98]" started-at="2023-01-08T13:04:25 IST" name="configBT" finished-at="2023-01-08T13:05:05 IST" duration-ms="39269" status="PASS">
          <reporter-output>
          </reporter-output>
        </test-method> <!-- configBT -->
        <test-method is-config="true" signature="configBM()[pri:0, instance:com.TestScripts.HybridFramework.AddToCartTest@6bd61f98]" started-at="2023-01-08T13:05:05 IST" name="configBM" finished-at="2023-01-08T13:05:11 IST" duration-ms="6714" status="PASS">
          <reporter-output>
          </reporter-output>
        </test-method> <!-- configBM -->
        <test-method signature="addToCartTest()[pri:0, instance:com.TestScripts.HybridFramework.AddToCartTest@6bd61f98]" started-at="2023-01-08T13:05:11 IST" name="addToCartTest" finished-at="2023-01-08T13:05:19 IST" duration-ms="7304" status="PASS">
          <reporter-output>
          </reporter-output>
        </test-method> <!-- addToCartTest -->
        <test-method is-config="true" signature="configAM()[pri:0, instance:com.TestScripts.HybridFramework.AddToCartTest@6bd61f98]" started-at="2023-01-08T13:05:19 IST" name="configAM" finished-at="2023-01-08T13:05:21 IST" duration-ms="2008" status="PASS">
          <reporter-output>
          </reporter-output>
        </test-method> <!-- configAM -->
        <test-method is-config="true" signature="configAT()[pri:0, instance:com.TestScripts.HybridFramework.AddToCartTest@6bd61f98]" started-at="2023-01-08T13:05:21 IST" name="configAT" finished-at="2023-01-08T13:05:22 IST" duration-ms="1060" status="PASS">
          <reporter-output>
          </reporter-output>
        </test-method> <!-- configAT -->
      </class> <!-- com.TestScripts.HybridFramework.AddToCartTest -->
    </test> <!-- Test -->
  </suite> <!-- Suite -->
</testng-results>
